# JRE version: Java(TM) SE Runtime Environment (8.0_40-b25) (build 1.8.0_40-b25)
# Java VM: Java HotSpot(TM) Client VM (25.40-b25 mixed mode windows-x86 )
Heap:
 def new generation   total 4992K, used 1680K [0x04800000, 0x04d60000, 0x09d50000)
  eden space 4480K,  26% used [0x04800000, 0x04924398, 0x04c60000)
  from space 512K,  99% used [0x04ce0000, 0x04d5ffa0, 0x04d60000)
  to   space 512K,   0% used [0x04c60000, 0x04c60000, 0x04ce0000)
 tenured generation   total 10944K, used 5417K [0x09d50000, 0x0a800000, 0x14800000)
   the space 10944K,  49% used [0x09d50000, 0x0a29a730, 0x0a29a800, 0x0a800000)
 Metaspace       used 14109K, capacity 14291K, committed 14336K, reserved 14720K
GC Heap History (10 events):
Event: 23.434 GC heap before
{Heap before GC invocations=19 (full 0):
 def new generation   total 4928K, used 4927K [0x04800000, 0x04d50000, 0x09d50000)
  eden space 4416K, 100% used [0x04800000, 0x04c50000, 0x04c50000)
  from space 512K,  99% used [0x04cd0000, 0x04d4fff8, 0x04d50000)
  to   space 512K,   0% used [0x04c50000, 0x04c50000, 0x04cd0000)
 tenured generation   total 10944K, used 6284K [0x09d50000, 0x0a800000, 0x14800000)
   the space 10944K,  57% used [0x09d50000, 0x0a373248, 0x0a373400, 0x0a800000)
 Metaspace       used 12089K, capacity 12145K, committed 12288K, reserved 12672K
Event: 23.437 GC heap after
Heap after GC invocations=20 (full 0):
 def new generation   total 4928K, used 511K [0x04800000, 0x04d50000, 0x09d50000)
  eden space 4416K,   0% used [0x04800000, 0x04800000, 0x04c50000)
  from space 512K,  99% used [0x04c50000, 0x04ccffe8, 0x04cd0000)
  to   space 512K,   0% used [0x04cd0000, 0x04cd0000, 0x04d50000)
 tenured generation   total 10944K, used 6369K [0x09d50000, 0x0a800000, 0x14800000)
   the space 10944K,  58% used [0x09d50000, 0x0a388590, 0x0a388600, 0x0a800000)
 Metaspace       used 12089K, capacity 12145K, committed 12288K, reserved 12672K
}
Event: 23.747 GC heap before
{Heap before GC invocations=20 (full 0):
 def new generation   total 4928K, used 2076K [0x04800000, 0x04d50000, 0x09d50000)
  eden space 4416K,  35% used [0x04800000, 0x04987028, 0x04c50000)
  from space 512K,  99% used [0x04c50000, 0x04ccffe8, 0x04cd0000)
  to   space 512K,   0% used [0x04cd0000, 0x04cd0000, 0x04d50000)
 tenured generation   total 10944K, used 6369K [0x09d50000, 0x0a800000, 0x14800000)
   the space 10944K,  58% used [0x09d50000, 0x0a388590, 0x0a388600, 0x0a800000)
 Metaspace       used 12171K, capacity 12209K, committed 12288K, reserved 12672K
Event: 23.770 GC heap after
Heap after GC invocations=21 (full 1):
 def new generation   total 4992K, used 0K [0x04800000, 0x04d60000, 0x09d50000)
  eden space 4480K,   0% used [0x04800000, 0x04800000, 0x04c60000)
  from space 512K,   0% used [0x04c60000, 0x04c60000, 0x04ce0000)
  to   space 512K,   0% used [0x04ce0000, 0x04ce0000, 0x04d60000)
 tenured generation   total 10944K, used 4736K [0x09d50000, 0x0a800000, 0x14800000)
   the space 10944K,  43% used [0x09d50000, 0x0a1f0268, 0x0a1f0400, 0x0a800000)
 Metaspace       used 12157K, capacity 12192K, committed 12288K, reserved 12672K
}
Event: 39.781 GC heap before
{Heap before GC invocations=21 (full 1):
 def new generation   total 4992K, used 4414K [0x04800000, 0x04d60000, 0x09d50000)
  eden space 4480K,  98% used [0x04800000, 0x04c4f988, 0x04c60000)
  from space 512K,   0% used [0x04c60000, 0x04c60000, 0x04ce0000)
  to   space 512K,   0% used [0x04ce0000, 0x04ce0000, 0x04d60000)
 tenured generation   total 10944K, used 4736K [0x09d50000, 0x0a800000, 0x14800000)
   the space 10944K,  43% used [0x09d50000, 0x0a1f0268, 0x0a1f0400, 0x0a800000)
 Metaspace       used 12348K, capacity 12433K, committed 12544K, reserved 12672K
Event: 39.786 GC heap after
Heap after GC invocations=22 (full 1):
 def new generation   total 4992K, used 512K [0x04800000, 0x04d60000, 0x09d50000)
  eden space 4480K,   0% used [0x04800000, 0x04800000, 0x04c60000)
  from space 512K, 100% used [0x04ce0000, 0x04d60000, 0x04d60000)
  to   space 512K,   0% used [0x04c60000, 0x04c60000, 0x04ce0000)
 tenured generation   total 10944K, used 4906K [0x09d50000, 0x0a800000, 0x14800000)
   the space 10944K,  44% used [0x09d50000, 0x0a21a930, 0x0a21aa00, 0x0a800000)
 Metaspace       used 12348K, capacity 12433K, committed 12544K, reserved 12672K
}
Event: 40.572 GC heap before
{Heap before GC invocations=22 (full 1):
 def new generation   total 4992K, used 4992K [0x04800000, 0x04d60000, 0x09d50000)
  eden space 4480K, 100% used [0x04800000, 0x04c60000, 0x04c60000)
  from space 512K, 100% used [0x04ce0000, 0x04d60000, 0x04d60000)
  to   space 512K,   0% used [0x04c60000, 0x04c60000, 0x04ce0000)
 tenured generation   total 10944K, used 4906K [0x09d50000, 0x0a800000, 0x14800000)
   the space 10944K,  44% used [0x09d50000, 0x0a21a930, 0x0a21aa00, 0x0a800000)
 Metaspace       used 13708K, capacity 13814K, committed 13824K, reserved 14720K
Event: 40.576 GC heap after
Heap after GC invocations=23 (full 1):
 def new generation   total 4992K, used 512K [0x04800000, 0x04d60000, 0x09d50000)
  eden space 4480K,   0% used [0x04800000, 0x04800000, 0x04c60000)
  from space 512K, 100% used [0x04c60000, 0x04ce0000, 0x04ce0000)
  to   space 512K,   0% used [0x04ce0000, 0x04ce0000, 0x04d60000)
 tenured generation   total 10944K, used 5152K [0x09d50000, 0x0a800000, 0x14800000)
   the space 10944K,  47% used [0x09d50000, 0x0a2581f0, 0x0a258200, 0x0a800000)
 Metaspace       used 13708K, capacity 13814K, committed 13824K, reserved 14720K
}
Event: 40.853 GC heap before
{Heap before GC invocations=23 (full 1):
 def new generation   total 4992K, used 4992K [0x04800000, 0x04d60000, 0x09d50000)
  eden space 4480K, 100% used [0x04800000, 0x04c60000, 0x04c60000)
  from space 512K, 100% used [0x04c60000, 0x04ce0000, 0x04ce0000)
  to   space 512K,   0% used [0x04ce0000, 0x04ce0000, 0x04d60000)
 tenured generation   total 10944K, used 5152K [0x09d50000, 0x0a800000, 0x14800000)
   the space 10944K,  47% used [0x09d50000, 0x0a2581f0, 0x0a258200, 0x0a800000)
 Metaspace       used 14093K, capacity 14291K, committed 14336K, reserved 14720K
Event: 40.860 GC heap after
Heap after GC invocations=24 (full 1):
 def new generation   total 4992K, used 511K [0x04800000, 0x04d60000, 0x09d50000)
  eden space 4480K,   0% used [0x04800000, 0x04800000, 0x04c60000)
  from space 512K,  99% used [0x04ce0000, 0x04d5ffa0, 0x04d60000)
  to   space 512K,   0% used [0x04c60000, 0x04c60000, 0x04ce0000)
 tenured generation   total 10944K, used 5417K [0x09d50000, 0x0a800000, 0x14800000)
   the space 10944K,  49% used [0x09d50000, 0x0a29a730, 0x0a29a800, 0x0a800000)
 Metaspace       used 14093K, capacity 14291K, committed 14336K, reserved 14720K
}

