# JRE version: Java(TM) SE Runtime Environment (8.0_40-b25) (build 1.8.0_40-b25)
# Java VM: Java HotSpot(TM) Client VM (25.40-b25 mixed mode windows-x86 )
Heap:
 def new generation   total 4992K, used 527K [0x04800000, 0x04d60000, 0x09d50000)
  eden space 4480K,   1% used [0x04800000, 0x04813db0, 0x04c60000)
  from space 512K,  87% used [0x04c60000, 0x04cd01e0, 0x04ce0000)
  to   space 512K,   0% used [0x04ce0000, 0x04ce0000, 0x04d60000)
 tenured generation   total 10944K, used 9210K [0x09d50000, 0x0a800000, 0x14800000)
   the space 10944K,  84% used [0x09d50000, 0x0a64e818, 0x0a64ea00, 0x0a800000)
 Metaspace       used 12925K, capacity 13098K, committed 13184K, reserved 13696K
GC Heap History (10 events):
Event: 46.402 GC heap before
{Heap before GC invocations=142 (full 42):
 def new generation   total 4992K, used 4480K [0x04800000, 0x04d60000, 0x09d50000)
  eden space 4480K, 100% used [0x04800000, 0x04c60000, 0x04c60000)
  from space 512K,   0% used [0x04ce0000, 0x04ce0000, 0x04d60000)
  to   space 512K,   0% used [0x04c60000, 0x04c60000, 0x04ce0000)
 tenured generation   total 10944K, used 9210K [0x09d50000, 0x0a800000, 0x14800000)
   the space 10944K,  84% used [0x09d50000, 0x0a64e818, 0x0a64ea00, 0x0a800000)
 Metaspace       used 12665K, capacity 12842K, committed 12928K, reserved 13696K
Event: 46.403 GC heap after
Heap after GC invocations=143 (full 42):
 def new generation   total 4992K, used 71K [0x04800000, 0x04d60000, 0x09d50000)
  eden space 4480K,   0% used [0x04800000, 0x04800000, 0x04c60000)
  from space 512K,  13% used [0x04c60000, 0x04c71e08, 0x04ce0000)
  to   space 512K,   0% used [0x04ce0000, 0x04ce0000, 0x04d60000)
 tenured generation   total 10944K, used 9210K [0x09d50000, 0x0a800000, 0x14800000)
   the space 10944K,  84% used [0x09d50000, 0x0a64e818, 0x0a64ea00, 0x0a800000)
 Metaspace       used 12665K, capacity 12842K, committed 12928K, reserved 13696K
}
Event: 46.509 GC heap before
{Heap before GC invocations=143 (full 42):
 def new generation   total 4992K, used 4551K [0x04800000, 0x04d60000, 0x09d50000)
  eden space 4480K, 100% used [0x04800000, 0x04c60000, 0x04c60000)
  from space 512K,  13% used [0x04c60000, 0x04c71e08, 0x04ce0000)
  to   space 512K,   0% used [0x04ce0000, 0x04ce0000, 0x04d60000)
 tenured generation   total 10944K, used 9210K [0x09d50000, 0x0a800000, 0x14800000)
   the space 10944K,  84% used [0x09d50000, 0x0a64e818, 0x0a64ea00, 0x0a800000)
 Metaspace       used 12665K, capacity 12842K, committed 12928K, reserved 13696K
Event: 46.510 GC heap after
Heap after GC invocations=144 (full 42):
 def new generation   total 4992K, used 71K [0x04800000, 0x04d60000, 0x09d50000)
  eden space 4480K,   0% used [0x04800000, 0x04800000, 0x04c60000)
  from space 512K,  13% used [0x04ce0000, 0x04cf1e08, 0x04d60000)
  to   space 512K,   0% used [0x04c60000, 0x04c60000, 0x04ce0000)
 tenured generation   total 10944K, used 9210K [0x09d50000, 0x0a800000, 0x14800000)
   the space 10944K,  84% used [0x09d50000, 0x0a64e818, 0x0a64ea00, 0x0a800000)
 Metaspace       used 12665K, capacity 12842K, committed 12928K, reserved 13696K
}
Event: 46.615 GC heap before
{Heap before GC invocations=144 (full 42):
 def new generation   total 4992K, used 4550K [0x04800000, 0x04d60000, 0x09d50000)
  eden space 4480K,  99% used [0x04800000, 0x04c5fdd0, 0x04c60000)
  from space 512K,  13% used [0x04ce0000, 0x04cf1e08, 0x04d60000)
  to   space 512K,   0% used [0x04c60000, 0x04c60000, 0x04ce0000)
 tenured generation   total 10944K, used 9210K [0x09d50000, 0x0a800000, 0x14800000)
   the space 10944K,  84% used [0x09d50000, 0x0a64e818, 0x0a64ea00, 0x0a800000)
 Metaspace       used 12665K, capacity 12842K, committed 12928K, reserved 13696K
Event: 46.616 GC heap after
Heap after GC invocations=145 (full 42):
 def new generation   total 4992K, used 54K [0x04800000, 0x04d60000, 0x09d50000)
  eden space 4480K,   0% used [0x04800000, 0x04800000, 0x04c60000)
  from space 512K,  10% used [0x04c60000, 0x04c6d970, 0x04ce0000)
  to   space 512K,   0% used [0x04ce0000, 0x04ce0000, 0x04d60000)
 tenured generation   total 10944K, used 9210K [0x09d50000, 0x0a800000, 0x14800000)
   the space 10944K,  84% used [0x09d50000, 0x0a64e818, 0x0a64ea00, 0x0a800000)
 Metaspace       used 12665K, capacity 12842K, committed 12928K, reserved 13696K
}
Event: 46.617 GC heap before
{Heap before GC invocations=145 (full 42):
 def new generation   total 4992K, used 4530K [0x04800000, 0x04d60000, 0x09d50000)
  eden space 4480K,  99% used [0x04800000, 0x04c5f118, 0x04c60000)
  from space 512K,  10% used [0x04c60000, 0x04c6d970, 0x04ce0000)
  to   space 512K,   0% used [0x04ce0000, 0x04ce0000, 0x04d60000)
 tenured generation   total 10944K, used 9210K [0x09d50000, 0x0a800000, 0x14800000)
   the space 10944K,  84% used [0x09d50000, 0x0a64e818, 0x0a64ea00, 0x0a800000)
 Metaspace       used 12665K, capacity 12842K, committed 12928K, reserved 13696K
Event: 46.618 GC heap after
Heap after GC invocations=146 (full 42):
 def new generation   total 4992K, used 113K [0x04800000, 0x04d60000, 0x09d50000)
  eden space 4480K,   0% used [0x04800000, 0x04800000, 0x04c60000)
  from space 512K,  22% used [0x04ce0000, 0x04cfc760, 0x04d60000)
  to   space 512K,   0% used [0x04c60000, 0x04c60000, 0x04ce0000)
 tenured generation   total 10944K, used 9210K [0x09d50000, 0x0a800000, 0x14800000)
   the space 10944K,  84% used [0x09d50000, 0x0a64e818, 0x0a64ea00, 0x0a800000)
 Metaspace       used 12665K, capacity 12842K, committed 12928K, reserved 13696K
}
Event: 150.794 GC heap before
{Heap before GC invocations=146 (full 42):
 def new generation   total 4992K, used 4593K [0x04800000, 0x04d60000, 0x09d50000)
  eden space 4480K, 100% used [0x04800000, 0x04c60000, 0x04c60000)
  from space 512K,  22% used [0x04ce0000, 0x04cfc760, 0x04d60000)
  to   space 512K,   0% used [0x04c60000, 0x04c60000, 0x04ce0000)
 tenured generation   total 10944K, used 9210K [0x09d50000, 0x0a800000, 0x14800000)
   the space 10944K,  84% used [0x09d50000, 0x0a64e818, 0x0a64ea00, 0x0a800000)
 Metaspace       used 12922K, capacity 13098K, committed 13184K, reserved 13696K
Event: 150.796 GC heap after
Heap after GC invocations=147 (full 42):
 def new generation   total 4992K, used 448K [0x04800000, 0x04d60000, 0x09d50000)
  eden space 4480K,   0% used [0x04800000, 0x04800000, 0x04c60000)
  from space 512K,  87% used [0x04c60000, 0x04cd01e0, 0x04ce0000)
  to   space 512K,   0% used [0x04ce0000, 0x04ce0000, 0x04d60000)
 tenured generation   total 10944K, used 9210K [0x09d50000, 0x0a800000, 0x14800000)
   the space 10944K,  84% used [0x09d50000, 0x0a64e818, 0x0a64ea00, 0x0a800000)
 Metaspace       used 12922K, capacity 13098K, committed 13184K, reserved 13696K
}

