<?xml version="1.0" encoding="UTF-8"?>
<!-- Generated by org.testng.reporters.JUnitXMLReporter -->
<testsuite hostname="LT-5CG4521CMX" name="Renowalk_Test" tests="1" failures="0" timestamp="14 Oct 2015 13:56:03 GMT" time="0.738" errors="0">
  <testcase name="@AfterTest afterTest" time="0.0" classname="com.homedepot.renowalk.TestDriver">
    <failure type="java.lang.NullPointerException">
      <![CDATA[java.lang.NullPointerException
	at com.homedepot.renowalk.TestDriver.afterTest(TestDriver.java:141)
... Removed 22 stack frames]]>
    </failure>
  </testcase> <!-- @AfterTest afterTest -->
  <testcase name="run" time="0.709" classname="com.homedepot.renowalk.TestDriver"/>
</testsuite> <!-- Renowalk_Test -->
