<?xml version="1.0" encoding="UTF-8"?>
<testng-results skipped="0" failed="0" ignored="0" total="1" passed="1">
  <reporter-output>
  </reporter-output>
  <suite name="Suite" duration-ms="41043" started-at="2017-03-24T22:22:25Z" finished-at="2017-03-24T22:23:06Z">
    <groups>
    </groups>
    <test name="Test" duration-ms="41043" started-at="2017-03-24T22:22:25Z" finished-at="2017-03-24T22:23:06Z">
      <class name="com.automation.testcases.Selenium_Keyword">
        <test-method status="PASS" signature="beforeTest()[pri:0, instance:com.automation.testcases.Selenium_Keyword@158a8276]" name="beforeTest" is-config="true" duration-ms="8236" started-at="2017-03-24T17:22:25Z" finished-at="2017-03-24T17:22:33Z">
          <reporter-output>
          </reporter-output>
        </test-method> <!-- beforeTest -->
        <test-method status="PASS" signature="TC0001()[pri:0, instance:com.automation.testcases.Selenium_Keyword@158a8276]" name="TC0001" duration-ms="32789" started-at="2017-03-24T17:22:33Z" finished-at="2017-03-24T17:23:06Z">
          <reporter-output>
          </reporter-output>
        </test-method> <!-- TC0001 -->
      </class> <!-- com.automation.testcases.Selenium_Keyword -->
    </test> <!-- Test -->
  </suite> <!-- Suite -->
</testng-results>
