<?xml version="1.0" encoding="UTF-8"?>
<testng-results skipped="0" failed="0" ignored="0" total="1" passed="1">
  <reporter-output>
  </reporter-output>
  <suite name="Suite" duration-ms="43268" started-at="2017-03-26T18:34:12Z" finished-at="2017-03-26T18:34:55Z">
    <groups>
    </groups>
    <test name="Test" duration-ms="43268" started-at="2017-03-26T18:34:12Z" finished-at="2017-03-26T18:34:55Z">
      <class name="com.automation.testcases.Selenium_Keyword">
        <test-method status="PASS" signature="beforeTest()[pri:0, instance:com.automation.testcases.Selenium_Keyword@158a8276]" name="beforeTest" is-config="true" duration-ms="9903" started-at="2017-03-26T13:34:12Z" finished-at="2017-03-26T13:34:22Z">
          <reporter-output>
          </reporter-output>
        </test-method> <!-- beforeTest -->
        <test-method status="PASS" signature="TC0001()[pri:0, instance:com.automation.testcases.Selenium_Keyword@158a8276]" name="TC0001" duration-ms="33348" started-at="2017-03-26T13:34:22Z" finished-at="2017-03-26T13:34:55Z">
          <reporter-output>
          </reporter-output>
        </test-method> <!-- TC0001 -->
      </class> <!-- com.automation.testcases.Selenium_Keyword -->
    </test> <!-- Test -->
  </suite> <!-- Suite -->
</testng-results>
